d:\cocos2d-x-2.2.5\projects\touchdanger\proj.win32\debug.win32\vc120.pdb
d:\cocos2d-x-2.2.5\projects\touchdanger\proj.win32\debug.win32\vc120.idb
d:\cocos2d-x-2.2.5\projects\touchdanger\proj.win32\debug.win32\gamestartscene.obj
d:\cocos2d-x-2.2.5\projects\touchdanger\proj.win32\debug.win32\main.obj
d:\cocos2d-x-2.2.5\projects\touchdanger\proj.win32\debug.win32\appdelegate.obj
d:\cocos2d-x-2.2.5\projects\touchdanger\proj.win32\debug.win32\gamestartlayer.obj
d:\cocos2d-x-2.2.5\projects\touchdanger\proj.win32\debug.win32\mainmenulayer.obj
d:\cocos2d-x-2.2.5\projects\touchdanger\proj.win32\debug.win32\mainspritelayer.obj
d:\cocos2d-x-2.2.5\projects\touchdanger\proj.win32\debug.win32\maintouchlayer.obj
d:\cocos2d-x-2.2.5\projects\touchdanger\proj.win32\debug.win32\gamemainscene.obj
d:\cocos2d-x-2.2.5\projects\touchdanger\proj.win32\debug.win32\npcsprite.obj
d:\cocos2d-x-2.2.5\projects\touchdanger\proj.win32\debug.win32\rolesprite.obj
d:\cocos2d-x-2.2.5\projects\touchdanger\proj.win32\debug.win32\utils.obj
d:\cocos2d-x-2.2.5\projects\touchdanger\proj.win32\debug.win32\hellocpp.ilk
d:\cocos2d-x-2.2.5\projects\touchdanger\proj.win32\debug.win32\hellocpp.exe
d:\cocos2d-x-2.2.5\projects\touchdanger\proj.win32\debug.win32\hellocpp.pdb
d:\cocos2d-x-2.2.5\projects\touchdanger\proj.win32\debug.win32\libextensions.ilk
d:\cocos2d-x-2.2.5\projects\touchdanger\proj.win32\debug.win32\libcocos2d.exp
d:\cocos2d-x-2.2.5\projects\touchdanger\proj.win32\debug.win32\libcocosdenshion.exp
d:\cocos2d-x-2.2.5\projects\touchdanger\proj.win32\debug.win32\libextensions.exp
d:\cocos2d-x-2.2.5\projects\touchdanger\proj.win32\debug.win32\libcocos2d.pdb
d:\cocos2d-x-2.2.5\projects\touchdanger\proj.win32\debug.win32\libcocosdenshion.pdb
d:\cocos2d-x-2.2.5\projects\touchdanger\proj.win32\debug.win32\libextensions.pdb
d:\cocos2d-x-2.2.5\projects\touchdanger\proj.win32\debug.win32\hellocpp.tlog\cl.command.1.tlog
d:\cocos2d-x-2.2.5\projects\touchdanger\proj.win32\debug.win32\hellocpp.tlog\cl.read.1.tlog
d:\cocos2d-x-2.2.5\projects\touchdanger\proj.win32\debug.win32\hellocpp.tlog\cl.write.1.tlog
d:\cocos2d-x-2.2.5\projects\touchdanger\proj.win32\debug.win32\hellocpp.tlog\link.command.1.tlog
d:\cocos2d-x-2.2.5\projects\touchdanger\proj.win32\debug.win32\hellocpp.tlog\link.read.1.tlog
d:\cocos2d-x-2.2.5\projects\touchdanger\proj.win32\debug.win32\hellocpp.tlog\link.write.1.tlog
