生成启动时间为 2015/10/18 13:24:31。
     1>项目“E:\cocos2d-x-2.2.6\projects\TouchDanger\proj.win32\HelloCpp.vcxproj”在节点 2 上(build 个目标)。
     1>InitializeBuildStatus:
         正在创建“Debug.win32\HelloCpp.unsuccessfulbuild”，因为已指定“AlwaysCreate”。
       ClCompile:
         C:\Program Files\Microsoft Visual Studio 10.0\VC\bin\CL.exe /c /I"E:\cocos2d-x-2.2.6\projects\TouchDanger\proj.win32\..\..\..\cocos2dx" /I"E:\cocos2d-x-2.2.6\projects\TouchDanger\proj.win32\..\..\..\cocos2dx\include" /I"E:\cocos2d-x-2.2.6\projects\TouchDanger\proj.win32\..\..\..\cocos2dx\kazmath\include" /I"E:\cocos2d-x-2.2.6\projects\TouchDanger\proj.win32\..\..\..\cocos2dx\platform\win32" /I"E:\cocos2d-x-2.2.6\projects\TouchDanger\proj.win32\..\..\..\cocos2dx\platform\third_party\win32" /I"E:\cocos2d-x-2.2.6\projects\TouchDanger\proj.win32\..\..\..\cocos2dx\platform\third_party\win32\OGLES" /I"E:\cocos2d-x-2.2.6\projects\TouchDanger\proj.win32\..\..\..\external" /I"E:\cocos2d-x-2.2.6\projects\TouchDanger\proj.win32\..\..\..\external\chipmunk\include\chipmunk" /I"E:\cocos2d-x-2.2.6\projects\TouchDanger\proj.win32\..\..\..\CocosDenshion\include" /I"E:\cocos2d-x-2.2.6\projects\TouchDanger\proj.win32\..\..\..\extensions" /I..\Classes /I.. /ZI /nologo /W3 /WX- /Od /Oy- /D WIN32 /D _DEBUG /D _WINDOWS /D _USE_MATH_DEFINES /D GL_GLEXT_PROTOTYPES /D CC_ENABLE_CHIPMUNK_INTEGRATION=1 /D COCOS2D_DEBUG=1 /D _CRT_SECURE_NO_WARNINGS /D _SCL_SECURE_NO_WARNINGS /D _UNICODE /D UNICODE /Gm /EHsc /RTC1 /MDd /GS /fp:precise /Zc:wchar_t /Zc:forScope /Fo"Debug.win32\\" /Fd"Debug.win32\vc100.pdb" /Gd /TP /wd4267 /wd4251 /wd4244 /analyze- /errorReport:prompt ..\Classes\layer\MainSpriteLayer.cpp ..\Classes\sprite\NpcSprite.cpp ..\Classes\sprite\RoleSprite.cpp
         RoleSprite.cpp
         NpcSprite.cpp
         MainSpriteLayer.cpp
         正在生成代码...
       ResourceCompile:
         所有输出均为最新。
       ManifestResourceCompile:
         所有输出均为最新。
       PreLinkEvent:
         if not exist "E:\cocos2d-x-2.2.6\projects\TouchDanger\proj.win32\Debug.win32\" mkdir "E:\cocos2d-x-2.2.6\projects\TouchDanger\proj.win32\Debug.win32\"
         xcopy /Y /Q "E:\cocos2d-x-2.2.6\projects\TouchDanger\proj.win32\..\..\..\external\libwebsockets\win32\lib\*.*" "E:\cocos2d-x-2.2.6\projects\TouchDanger\proj.win32\Debug.win32\"
         :VCEnd
         复制了 2 个文件
       Link:
         C:\Program Files\Microsoft Visual Studio 10.0\VC\bin\link.exe /ERRORREPORT:PROMPT /OUT:"E:\cocos2d-x-2.2.6\projects\TouchDanger\proj.win32\Debug.win32\HelloCpp.exe" /INCREMENTAL /NOLOGO /LIBPATH:"E:\cocos2d-x-2.2.6\projects\TouchDanger\proj.win32\Debug.win32\\" libExtensions.lib libcocos2d.lib libCocosDenshion.lib opengl32.lib glew32.lib libBox2d.lib libchipmunk.lib libcurl_imp.lib pthreadVCE2.lib websockets.lib kernel32.lib user32.lib gdi32.lib winspool.lib comdlg32.lib advapi32.lib shell32.lib ole32.lib oleaut32.lib uuid.lib odbc32.lib odbccp32.lib /MANIFEST /ManifestFile:"Debug.win32\HelloCpp.exe.intermediate.manifest" /MANIFESTUAC:"level='asInvoker' uiAccess='false'" /DEBUG /PDB:"E:\cocos2d-x-2.2.6\projects\TouchDanger\proj.win32\Debug.win32\HelloCpp.pdb" /SUBSYSTEM:WINDOWS /TLBID:1 /DYNAMICBASE /NXCOMPAT /IMPLIB:"E:\cocos2d-x-2.2.6\projects\TouchDanger\proj.win32\Debug.win32\HelloCpp.lib" /MACHINE:X86 Debug.win32\HelloCpp.res
         Debug.win32\HelloCpp.exe.embed.manifest.res
         Debug.win32\AppDelegate.obj
         Debug.win32\AlertLayer.obj
         Debug.win32\BundleLayer.obj
         Debug.win32\GameOverLayer.obj
         Debug.win32\GameStartLayer.obj
         Debug.win32\MainMenuLayer.obj
         Debug.win32\MainResourceLayer.obj
         Debug.win32\MainSpriteLayer.obj
         Debug.win32\MainTouchLayer.obj
         Debug.win32\RoleLayer.obj
         Debug.win32\GameMainScene.obj
         Debug.win32\GameStartScene.obj
         Debug.win32\NpcSprite.obj
         Debug.win32\RoleSprite.obj
         Debug.win32\Utils.obj
         Debug.win32\main.obj
         "E:\cocos2d-x-2.2.6\projects\TouchDanger\proj.win32\Debug.win32\libcocos2d.lib"
         "E:\cocos2d-x-2.2.6\projects\TouchDanger\proj.win32\Debug.win32\libCocosDenshion.lib"
         "E:\cocos2d-x-2.2.6\projects\TouchDanger\proj.win32\Debug.win32\libExtensions.lib"
         "E:\cocos2d-x-2.2.6\projects\TouchDanger\proj.win32\Debug.win32\libBox2D.lib"
         "E:\cocos2d-x-2.2.6\projects\TouchDanger\proj.win32\Debug.win32\libchipmunk.lib"
       Manifest:
         C:\Program Files\Microsoft SDKs\Windows\v7.0A\bin\mt.exe /nologo /verbose /out:"Debug.win32\HelloCpp.exe.embed.manifest" /manifest Debug.win32\HelloCpp.exe.intermediate.manifest
         所有输出均为最新。
       LinkEmbedManifest:
         所有输出均为最新。
         HelloCpp.vcxproj -> E:\cocos2d-x-2.2.6\projects\TouchDanger\proj.win32\Debug.win32\HelloCpp.exe
       FinalizeBuildStatus:
         正在删除文件“Debug.win32\HelloCpp.unsuccessfulbuild”。
         正在对“Debug.win32\HelloCpp.lastbuildstate”执行 Touch 任务。
     1>已完成生成项目“E:\cocos2d-x-2.2.6\projects\TouchDanger\proj.win32\HelloCpp.vcxproj”(build 个目标)的操作。

生成成功。

已用时间 00:00:15.30
